<?xml version="1.0" encoding="UTF-8"?>
<testng-results skipped="0" failed="0" ignored="0" total="2" passed="2">
  <reporter-output>
  </reporter-output>
  <suite name="com.selenium.AppTest" duration-ms="7565" started-at="2018-06-05T14:47:53Z" finished-at="2018-06-05T14:48:00Z">
    <groups>
    </groups>
    <test name="Command line test" duration-ms="7565" started-at="2018-06-05T14:47:53Z" finished-at="2018-06-05T14:48:00Z">
      <class name="com.selenium.AppTest">
        <test-method status="PASS" signature="closeBrowser()[pri:0, instance:com.selenium.AppTest@6615435c]" name="closeBrowser" duration-ms="2942" started-at="2018-06-05T14:47:53Z" finished-at="2018-06-05T14:47:56Z">
          <reporter-output>
          </reporter-output>
        </test-method> <!-- closeBrowser -->
        <test-method status="PASS" signature="enterContact()[pri:0, instance:com.selenium.AppTest@6615435c]" name="enterContact" duration-ms="4586" started-at="2018-06-05T14:47:56Z" finished-at="2018-06-05T14:48:00Z">
          <reporter-output>
          </reporter-output>
        </test-method> <!-- enterContact -->
      </class> <!-- com.selenium.AppTest -->
    </test> <!-- Command line test -->
  </suite> <!-- com.selenium.AppTest -->
</testng-results>
