<?xml version="1.0" encoding="UTF-8"?>
<testng-results skipped="0" failed="0" ignored="0" total="2" passed="2">
  <reporter-output>
  </reporter-output>
  <suite name="Default suite" duration-ms="7760" started-at="2018-06-05T04:43:00Z" finished-at="2018-06-05T04:43:07Z">
    <groups>
    </groups>
    <test name="Default test" duration-ms="7760" started-at="2018-06-05T04:43:00Z" finished-at="2018-06-05T04:43:07Z">
      <class name="com.selenium.App">
        <test-method status="PASS" signature="closeBrowser()[pri:0, instance:com.selenium.App@3dfc5fb8]" name="closeBrowser" duration-ms="3065" started-at="2018-06-05T04:43:00Z" finished-at="2018-06-05T04:43:03Z">
          <reporter-output>
          </reporter-output>
        </test-method> <!-- closeBrowser -->
        <test-method status="PASS" signature="enterContact()[pri:0, instance:com.selenium.App@3dfc5fb8]" name="enterContact" duration-ms="4646" started-at="2018-06-05T04:43:03Z" finished-at="2018-06-05T04:43:07Z">
          <reporter-output>
          </reporter-output>
        </test-method> <!-- enterContact -->
      </class> <!-- com.selenium.App -->
    </test> <!-- Default test -->
  </suite> <!-- Default suite -->
</testng-results>
